<?xml version="1.0" encoding="UTF-8"?>
<!-- Generated by org.testng.reporters.JUnitXMLReporter -->
<testsuite hostname="Shashanks-MacBook-Pro.local" ignored="3" name="Default test" tests="2" failures="0" timestamp="12 Jun 2018 13:25:09 GMT" time="27.023" errors="0">
  <testcase name="verifyLoginSuccessTC_02" time="8.538" classname="com.nsdc.regressionTest.RegisterAndLoginTestSC_01"/>
  <testcase name="verifyLoginSuccessTC_02" time="9.117" classname="com.nsdc.regressionTest.RegisterAndLoginTestSC_01"/>
  <testcase name="verifyLoginFailureTC_03" time="0.0" classname="com.nsdc.regressionTest.RegisterAndLoginTestSC_01">
    <ignored/>
  </testcase> <!-- verifyLoginFailureTC_03 -->
  <testcase name="LoginFailWithoutEnteringCredentialsTC_04" time="0.0" classname="com.nsdc.regressionTest.RegisterAndLoginTestSC_01">
    <ignored/>
  </testcase> <!-- LoginFailWithoutEnteringCredentialsTC_04 -->
  <testcase name="userRegistrationTC_01" time="0.0" classname="com.nsdc.regressionTest.RegisterAndLoginTestSC_01">
    <ignored/>
  </testcase> <!-- userRegistrationTC_01 -->
</testsuite> <!-- Default test -->
