<?xml version="1.0" encoding="UTF-8"?>
<testsuite xmlns:xsi="http://www.w3.org/2001/XMLSchema-instance" xsi:noNamespaceSchemaLocation="https://maven.apache.org/surefire/maven-surefire-plugin/xsd/surefire-test-report.xsd" name="TestSuite" time="210.531" tests="9" errors="0" skipped="0" failures="3">
  <properties>
[...]
</properties>
  <testcase name="LoginFailWithoutEnteringCredentialsTC_04" classname="com.nsdc.regressionTest.RegisterAndLoginTestSC_01" time="2.618">
    <failure message="Element &lt;button id=&quot;m_login_signin_submit&quot; class=&quot;btn btn-focus m-btn--pill btn-login&quot;&gt; is not clickable at point (350,524.9499969482422) because another element &lt;div class=&quot;blockUI blockOverlay&quot;&gt; obscures it&#10;Build info: version: &apos;3.11.0&apos;, revision: &apos;e59cfb3&apos;, time: &apos;2018-03-11T20:26:55.152Z&apos;&#10;System info: host: &apos;Shashanks-MacBook-Pro.local&apos;, ip: &apos;fe80:0:0:0:830:ecb7:c3d2:6d19%en0&apos;, os.name: &apos;Mac OS X&apos;, os.arch: &apos;x86_64&apos;, os.version: &apos;10.13.5&apos;, java.version: &apos;1.8.0_151&apos;&#10;Driver info: org.openqa.selenium.firefox.FirefoxDriver&#10;Capabilities {acceptInsecureCerts: true, browserName: firefox, browserVersion: 60.0.2, javascriptEnabled: true, moz:accessibilityChecks: false, moz:headless: false, moz:processID: 86939, moz:profile: /var/folders/9t/jp1lycb932s..., moz:useNonSpecCompliantPointerOrigin: false, moz:webdriverClick: true, pageLoadStrategy: normal, platform: MAC, platformName: MAC, platformVersion: 17.6.0, rotatable: false, timeouts: {implicit: 0, pageLoad: 300000, script: 30000}}&#10;Session ID: 6e4676b1-8321-be46-808e-5f99e702689c" type="org.openqa.selenium.ElementClickInterceptedException"><![CDATA[org.openqa.selenium.ElementClickInterceptedException: 
Element <button id="m_login_signin_submit" class="btn btn-focus m-btn--pill btn-login"> is not clickable at point (350,524.9499969482422) because another element <div class="blockUI blockOverlay"> obscures it
Build info: version: '3.11.0', revision: 'e59cfb3', time: '2018-03-11T20:26:55.152Z'
System info: host: 'Shashanks-MacBook-Pro.local', ip: 'fe80:0:0:0:830:ecb7:c3d2:6d19%en0', os.name: 'Mac OS X', os.arch: 'x86_64', os.version: '10.13.5', java.version: '1.8.0_151'
Driver info: org.openqa.selenium.firefox.FirefoxDriver
Capabilities {acceptInsecureCerts: true, browserName: firefox, browserVersion: 60.0.2, javascriptEnabled: true, moz:accessibilityChecks: false, moz:headless: false, moz:processID: 86939, moz:profile: /var/folders/9t/jp1lycb932s..., moz:useNonSpecCompliantPointerOrigin: false, moz:webdriverClick: true, pageLoadStrategy: normal, platform: MAC, platformName: MAC, platformVersion: 17.6.0, rotatable: false, timeouts: {implicit: 0, pageLoad: 300000, script: 30000}}
Session ID: 6e4676b1-8321-be46-808e-5f99e702689c
	at com.nsdc.regressionTest.RegisterAndLoginTestSC_01.LoginFailWithoutEnteringCredentialsTC_04(RegisterAndLoginTestSC_01.java:89)
]]></failure>
    <system-err><![CDATA[1528881444034	geckodriver	INFO	geckodriver 0.20.0
1528881444049	geckodriver	INFO	Listening on 127.0.0.1:27410
1528881444486	mozrunner::runner	INFO	Running command: "/Applications/Firefox.app/Contents/MacOS/firefox-bin" "-marionette" "-profile" "/var/folders/9t/jp1lycb932sbxglddf8qvbg80000gn/T/rust_mozprofile.zP0WmirNEjcx"
2018-06-13 14:47:26.364 plugin-container[86941:244983] *** CFMessagePort: bootstrap_register(): failed 1100 (0x44c) 'Permission denied', port = 0x7e37, name = 'com.apple.tsm.portname'
See /usr/include/servers/bootstrap_defs.h for the error codes.
1528881447009	Marionette	INFO	Listening on port 51923
1528881447151	Marionette	WARN	TLS certificate errors will be ignored for this session
Jun 13, 2018 2:47:27 PM org.openqa.selenium.remote.ProtocolHandshake createSession
INFO: Detected dialect: W3C
2018-06-13 14:47:27.581 plugin-container[86944:245065] *** CFMessagePort: bootstrap_register(): failed 1100 (0x44c) 'Permission denied', port = 0x7907, name = 'com.apple.tsm.portname'
See /usr/include/servers/bootstrap_defs.h for the error codes.
JavaScript warning: http://13.232.9.250/assets/demo/demo5/base/scripts.bundle.js, line 4787: unreachable code after return statement
]]></system-err>
  </testcase>
  <testcase name="userRegistrationTC_01" classname="com.nsdc.regressionTest.RegisterAndLoginTestSC_01" time="11.914"/>
  <testcase name="verifyLoginFailureTC_03" classname="com.nsdc.regressionTest.RegisterAndLoginTestSC_01" time="7.053">
    <failure message="expected [username or password invalid] but found [Invalid UserName or Password]" type="java.lang.AssertionError">java.lang.AssertionError: expected [username or password invalid] but found [Invalid UserName or Password]
	at com.nsdc.regressionTest.RegisterAndLoginTestSC_01.verifyLoginFailureTC_03(RegisterAndLoginTestSC_01.java:79)
</failure>
    <system-err><![CDATA[*** UTM:SVC TimerManager:registerTimer called after profile-before-change notification. Ignoring timer registration for id: telemetry_modules_ping
1528881475404	geckodriver::marionette	ERROR	Failed to stop browser process
1528881475632	geckodriver	INFO	geckodriver 0.20.0
1528881475645	geckodriver	INFO	Listening on 127.0.0.1:22181
1528881475667	mozrunner::runner	INFO	Running command: "/Applications/Firefox.app/Contents/MacOS/firefox-bin" "-marionette" "-profile" "/var/folders/9t/jp1lycb932sbxglddf8qvbg80000gn/T/rust_mozprofile.PD3L58NTGsI3"
2018-06-13 14:47:57.549 plugin-container[86981:246026] *** CFMessagePort: bootstrap_register(): failed 1100 (0x44c) 'Permission denied', port = 0x8307, name = 'com.apple.tsm.portname'
See /usr/include/servers/bootstrap_defs.h for the error codes.
1528881478168	Marionette	INFO	Listening on port 52197
1528881478247	Marionette	WARN	TLS certificate errors will be ignored for this session
Jun 13, 2018 2:47:58 PM org.openqa.selenium.remote.ProtocolHandshake createSession
INFO: Detected dialect: W3C
2018-06-13 14:47:59.128 plugin-container[86984:246265] *** CFMessagePort: bootstrap_register(): failed 1100 (0x44c) 'Permission denied', port = 0x873f, name = 'com.apple.tsm.portname'
See /usr/include/servers/bootstrap_defs.h for the error codes.
JavaScript warning: http://13.232.9.250/assets/demo/demo5/base/scripts.bundle.js, line 4787: unreachable code after return statement
]]></system-err>
  </testcase>
  <testcase name="verifyLoginFailureTC_03" classname="com.nsdc.regressionTest.RegisterAndLoginTestSC_01" time="7.743"/>
  <testcase name="verifyLoginFailureTC_03" classname="com.nsdc.regressionTest.RegisterAndLoginTestSC_01" time="7.145"/>
  <testcase name="verifyLoginSuccessTC_02" classname="com.nsdc.regressionTest.RegisterAndLoginTestSC_01" time="9.677"/>
  <testcase name="verifyLoginSuccessTC_02" classname="com.nsdc.regressionTest.RegisterAndLoginTestSC_01" time="11.227"/>
  <testcase name="governmentTpRegistrationTC_01" classname="com.nsdc.regressionTest.TrainingPartnerProfileSC_02" time="25.249">
    <failure message="Element &lt;select id=&quot;exampleSelect1&quot; class=&quot;form-control m-input ng-untouched ng-pristine ng-invalid&quot; name=&quot;&quot;&gt; is not clickable at point (1073.8583374023438,339.25) because another element &lt;div class=&quot;blockUI blockOverlay&quot;&gt; obscures it&#10;Build info: version: &apos;3.11.0&apos;, revision: &apos;e59cfb3&apos;, time: &apos;2018-03-11T20:26:55.152Z&apos;&#10;System info: host: &apos;Shashanks-MacBook-Pro.local&apos;, ip: &apos;fe80:0:0:0:830:ecb7:c3d2:6d19%en0&apos;, os.name: &apos;Mac OS X&apos;, os.arch: &apos;x86_64&apos;, os.version: &apos;10.13.5&apos;, java.version: &apos;1.8.0_151&apos;&#10;Driver info: org.openqa.selenium.firefox.FirefoxDriver&#10;Capabilities {acceptInsecureCerts: true, browserName: firefox, browserVersion: 60.0.2, javascriptEnabled: true, moz:accessibilityChecks: false, moz:headless: false, moz:processID: 87108, moz:profile: /var/folders/9t/jp1lycb932s..., moz:useNonSpecCompliantPointerOrigin: false, moz:webdriverClick: true, pageLoadStrategy: normal, platform: MAC, platformName: MAC, platformVersion: 17.6.0, rotatable: false, timeouts: {implicit: 0, pageLoad: 300000, script: 30000}}&#10;Session ID: 1c65ec85-a0e5-e244-9615-32b5359385b8" type="org.openqa.selenium.ElementClickInterceptedException"><![CDATA[org.openqa.selenium.ElementClickInterceptedException: 
Element <select id="exampleSelect1" class="form-control m-input ng-untouched ng-pristine ng-invalid" name=""> is not clickable at point (1073.8583374023438,339.25) because another element <div class="blockUI blockOverlay"> obscures it
Build info: version: '3.11.0', revision: 'e59cfb3', time: '2018-03-11T20:26:55.152Z'
System info: host: 'Shashanks-MacBook-Pro.local', ip: 'fe80:0:0:0:830:ecb7:c3d2:6d19%en0', os.name: 'Mac OS X', os.arch: 'x86_64', os.version: '10.13.5', java.version: '1.8.0_151'
Driver info: org.openqa.selenium.firefox.FirefoxDriver
Capabilities {acceptInsecureCerts: true, browserName: firefox, browserVersion: 60.0.2, javascriptEnabled: true, moz:accessibilityChecks: false, moz:headless: false, moz:processID: 87108, moz:profile: /var/folders/9t/jp1lycb932s..., moz:useNonSpecCompliantPointerOrigin: false, moz:webdriverClick: true, pageLoadStrategy: normal, platform: MAC, platformName: MAC, platformVersion: 17.6.0, rotatable: false, timeouts: {implicit: 0, pageLoad: 300000, script: 30000}}
Session ID: 1c65ec85-a0e5-e244-9615-32b5359385b8
	at com.nsdc.regressionTest.TrainingPartnerProfileSC_02.governmentTpRegistrationTC_01(TrainingPartnerProfileSC_02.java:60)
]]></failure>
    <system-err><![CDATA[*** UTM:SVC TimerManager:registerTimer called after profile-before-change notification. Ignoring timer registration for id: telemetry_modules_ping
1528881589542	geckodriver::marionette	ERROR	Failed to stop browser process
1528881589734	geckodriver	INFO	geckodriver 0.20.0
1528881589741	geckodriver	INFO	Listening on 127.0.0.1:4975
1528881589757	mozrunner::runner	INFO	Running command: "/Applications/Firefox.app/Contents/MacOS/firefox-bin" "-marionette" "-profile" "/var/folders/9t/jp1lycb932sbxglddf8qvbg80000gn/T/rust_mozprofile.UIm6TUTCvxpM"
2018-06-13 14:49:51.402 plugin-container[87110:248812] *** CFMessagePort: bootstrap_register(): failed 1100 (0x44c) 'Permission denied', port = 0x772f, name = 'com.apple.tsm.portname'
See /usr/include/servers/bootstrap_defs.h for the error codes.
2018-06-13 14:49:52.087 plugin-container[87112:248876] *** CFMessagePort: bootstrap_register(): failed 1100 (0x44c) 'Permission denied', port = 0x723b, name = 'com.apple.tsm.portname'
See /usr/include/servers/bootstrap_defs.h for the error codes.
1528881592471	Marionette	INFO	Listening on port 53114
1528881592525	Marionette	WARN	TLS certificate errors will be ignored for this session
Jun 13, 2018 2:49:52 PM org.openqa.selenium.remote.ProtocolHandshake createSession
INFO: Detected dialect: W3C
JavaScript warning: http://13.232.9.250/assets/demo/demo5/base/scripts.bundle.js, line 4787: unreachable code after return statement
Jun 13, 2018 2:49:58 PM com.mongodb.diagnostics.logging.JULLogger log
INFO: Cluster created with settings {hosts=[13.232.9.250:27017], mode=SINGLE, requiredClusterType=UNKNOWN, serverSelectionTimeout='30000 ms', maxWaitQueueSize=500}
Jun 13, 2018 2:49:58 PM com.mongodb.diagnostics.logging.JULLogger log
INFO: Cluster description not yet available. Waiting for 30000 ms before timing out
Jun 13, 2018 2:49:59 PM com.mongodb.diagnostics.logging.JULLogger log
INFO: Opened connection [connectionId{localValue:5, serverValue:682}] to 13.232.9.250:27017
Jun 13, 2018 2:49:59 PM com.mongodb.diagnostics.logging.JULLogger log
INFO: Monitor thread successfully connected to server with description ServerDescription{address=13.232.9.250:27017, type=STANDALONE, state=CONNECTED, ok=true, version=ServerVersion{versionList=[3, 6, 3]}, minWireVersion=0, maxWireVersion=6, maxDocumentSize=16777216, logicalSessionTimeoutMinutes=30, roundTripTimeNanos=21065271}
Jun 13, 2018 2:49:59 PM com.mongodb.diagnostics.logging.JULLogger log
INFO: Opened connection [connectionId{localValue:6, serverValue:683}] to 13.232.9.250:27017
Jun 13, 2018 2:49:59 PM com.mongodb.diagnostics.logging.JULLogger log
INFO: Cluster created with settings {hosts=[13.232.9.250:27017], mode=SINGLE, requiredClusterType=UNKNOWN, serverSelectionTimeout='30000 ms', maxWaitQueueSize=500}
Jun 13, 2018 2:49:59 PM com.mongodb.diagnostics.logging.JULLogger log
INFO: Cluster description not yet available. Waiting for 30000 ms before timing out
Jun 13, 2018 2:49:59 PM com.mongodb.diagnostics.logging.JULLogger log
INFO: Opened connection [connectionId{localValue:7, serverValue:684}] to 13.232.9.250:27017
Jun 13, 2018 2:49:59 PM com.mongodb.diagnostics.logging.JULLogger log
INFO: Monitor thread successfully connected to server with description ServerDescription{address=13.232.9.250:27017, type=STANDALONE, state=CONNECTED, ok=true, version=ServerVersion{versionList=[3, 6, 3]}, minWireVersion=0, maxWireVersion=6, maxDocumentSize=16777216, logicalSessionTimeoutMinutes=30, roundTripTimeNanos=20433436}
Jun 13, 2018 2:49:59 PM com.mongodb.diagnostics.logging.JULLogger log
INFO: Opened connection [connectionId{localValue:8, serverValue:685}] to 13.232.9.250:27017
JavaScript error: resource://gre/modules/AutoCompletePopup.jsm, line 161: TypeError: Services.focus.focusedWindow is null
JavaScript error: resource://gre/modules/AutoCompletePopup.jsm, line 161: TypeError: Services.focus.focusedWindow is null
JavaScript error: resource://gre/modules/AutoCompletePopup.jsm, line 161: TypeError: Services.focus.focusedWindow is null
JavaScript error: resource://gre/modules/AutoCompletePopup.jsm, line 161: TypeError: Services.focus.focusedWindow is null
]]></system-err>
  </testcase>
  <testcase name="userRegistrationValidationsTC_01" classname="com.nsdc.componentTest.UserRegistrationValidationsSC_01" time="18.529"/>
</testsuite>