<?xml version="1.0" encoding="UTF-8"?>
<testng-results skipped="0" failed="2" ignored="0" total="8" passed="6">
  <reporter-output>
  </reporter-output>
  <suite name="Default suite" duration-ms="211741" started-at="2018-06-17T20:54:01Z" finished-at="2018-06-17T20:57:33Z">
    <groups>
    </groups>
    <test name="Default test" duration-ms="211741" started-at="2018-06-17T20:54:01Z" finished-at="2018-06-17T20:57:33Z">
      <class name="com.nsdc.regressionTest.RegistrationAndLoginTestSC_01">
        <test-method status="PASS" signature="preSuite()[pri:0, instance:com.nsdc.regressionTest.RegistrationAndLoginTestSC_01@3ecd23d9]" name="preSuite" is-config="true" duration-ms="123" started-at="2018-06-17T20:54:01Z" finished-at="2018-06-17T20:54:01Z">
          <reporter-output>
          </reporter-output>
        </test-method> <!-- preSuite -->
        <test-method status="PASS" signature="precondition()[pri:0, instance:com.nsdc.regressionTest.RegistrationAndLoginTestSC_01@3ecd23d9]" name="precondition" is-config="true" duration-ms="8542" started-at="2018-06-17T20:54:01Z" finished-at="2018-06-17T20:54:10Z">
          <reporter-output>
          </reporter-output>
        </test-method> <!-- precondition -->
        <test-method status="FAIL" signature="LoginFailWithoutEnteringCredentialsTC_04()[pri:0, instance:com.nsdc.regressionTest.RegistrationAndLoginTestSC_01@3ecd23d9]" name="LoginFailWithoutEnteringCredentialsTC_04" duration-ms="2215" started-at="2018-06-17T20:54:10Z" finished-at="2018-06-17T20:54:12Z">
          <exception class="org.openqa.selenium.WebDriverException">
            <message>
              <![CDATA[unknown error: Element <button _ngcontent-c2="" class="btn btn-focus m-btn--pill btn-login" id="m_login_signin_submit" disabled="">...</button> is not clickable at point (199, 537). Other element would receive the click: <div class="blockUI blockOverlay" style="z-index: 10; border: none; margin: 0px; padding: 0px; width: 100%; height: 100%; top: 0px; left: 0px; background-color: rgb(0, 0, 0); opacity: 1.56915e-06; cursor: default; position: fixed;"></div>
  (Session info: chrome=67.0.3396.87)
  (Driver info: chromedriver=2.40.565386 (45a059dc425e08165f9a10324bd1380cc13ca363),platform=Mac OS X 10.13.5 x86_64) (WARNING: The server did not provide any stacktrace information)
Command duration or timeout: 0 milliseconds
Build info: version: '3.11.0', revision: 'e59cfb3', time: '2018-03-11T20:26:55.152Z'
System info: host: 'Shashanks-MacBook-Pro.local', ip: 'fe80:0:0:0:10c0:4a8:9b42:35e4%en0', os.name: 'Mac OS X', os.arch: 'x86_64', os.version: '10.13.5', java.version: '1.8.0_151'
Driver info: org.openqa.selenium.chrome.ChromeDriver
Capabilities {acceptInsecureCerts: false, acceptSslCerts: false, applicationCacheEnabled: false, browserConnectionEnabled: false, browserName: chrome, chrome: {chromedriverVersion: 2.40.565386 (45a059dc425e08..., userDataDir: /var/folders/9t/jp1lycb932s...}, cssSelectorsEnabled: true, databaseEnabled: false, handlesAlerts: true, hasTouchScreen: false, javascriptEnabled: true, locationContextEnabled: true, mobileEmulationEnabled: false, nativeEvents: true, networkConnectionEnabled: false, pageLoadStrategy: normal, platform: MAC, platformName: MAC, rotatable: false, setWindowRect: true, takesHeapSnapshot: true, takesScreenshot: true, unexpectedAlertBehaviour: , unhandledPromptBehavior: , version: 67.0.3396.87, webStorageEnabled: true}
Session ID: 813e18041d095784876a02ed66b7a956]]>
            </message>
            <full-stacktrace>
              <![CDATA[org.openqa.selenium.WebDriverException: unknown error: Element <button _ngcontent-c2="" class="btn btn-focus m-btn--pill btn-login" id="m_login_signin_submit" disabled="">...</button> is not clickable at point (199, 537). Other element would receive the click: <div class="blockUI blockOverlay" style="z-index: 10; border: none; margin: 0px; padding: 0px; width: 100%; height: 100%; top: 0px; left: 0px; background-color: rgb(0, 0, 0); opacity: 1.56915e-06; cursor: default; position: fixed;"></div>
  (Session info: chrome=67.0.3396.87)
  (Driver info: chromedriver=2.40.565386 (45a059dc425e08165f9a10324bd1380cc13ca363),platform=Mac OS X 10.13.5 x86_64) (WARNING: The server did not provide any stacktrace information)
Command duration or timeout: 0 milliseconds
Build info: version: '3.11.0', revision: 'e59cfb3', time: '2018-03-11T20:26:55.152Z'
System info: host: 'Shashanks-MacBook-Pro.local', ip: 'fe80:0:0:0:10c0:4a8:9b42:35e4%en0', os.name: 'Mac OS X', os.arch: 'x86_64', os.version: '10.13.5', java.version: '1.8.0_151'
Driver info: org.openqa.selenium.chrome.ChromeDriver
Capabilities {acceptInsecureCerts: false, acceptSslCerts: false, applicationCacheEnabled: false, browserConnectionEnabled: false, browserName: chrome, chrome: {chromedriverVersion: 2.40.565386 (45a059dc425e08..., userDataDir: /var/folders/9t/jp1lycb932s...}, cssSelectorsEnabled: true, databaseEnabled: false, handlesAlerts: true, hasTouchScreen: false, javascriptEnabled: true, locationContextEnabled: true, mobileEmulationEnabled: false, nativeEvents: true, networkConnectionEnabled: false, pageLoadStrategy: normal, platform: MAC, platformName: MAC, rotatable: false, setWindowRect: true, takesHeapSnapshot: true, takesScreenshot: true, unexpectedAlertBehaviour: , unhandledPromptBehavior: , version: 67.0.3396.87, webStorageEnabled: true}
Session ID: 813e18041d095784876a02ed66b7a956
at sun.reflect.NativeConstructorAccessorImpl.newInstance0(Native Method)
at sun.reflect.NativeConstructorAccessorImpl.newInstance(NativeConstructorAccessorImpl.java:62)
at sun.reflect.DelegatingConstructorAccessorImpl.newInstance(DelegatingConstructorAccessorImpl.java:45)
at java.lang.reflect.Constructor.newInstance(Constructor.java:423)
at org.openqa.selenium.remote.ErrorHandler.createThrowable(ErrorHandler.java:214)
at org.openqa.selenium.remote.ErrorHandler.throwIfResponseFailed(ErrorHandler.java:166)
at org.openqa.selenium.remote.http.JsonHttpResponseCodec.reconstructValue(JsonHttpResponseCodec.java:40)
at org.openqa.selenium.remote.http.AbstractHttpResponseCodec.decode(AbstractHttpResponseCodec.java:80)
at org.openqa.selenium.remote.http.AbstractHttpResponseCodec.decode(AbstractHttpResponseCodec.java:44)
at org.openqa.selenium.remote.HttpCommandExecutor.execute(HttpCommandExecutor.java:158)
at org.openqa.selenium.remote.service.DriverCommandExecutor.execute(DriverCommandExecutor.java:83)
at org.openqa.selenium.remote.RemoteWebDriver.execute(RemoteWebDriver.java:545)
at org.openqa.selenium.remote.RemoteWebElement.execute(RemoteWebElement.java:279)
at org.openqa.selenium.remote.RemoteWebElement.click(RemoteWebElement.java:83)
at sun.reflect.NativeMethodAccessorImpl.invoke0(Native Method)
at sun.reflect.NativeMethodAccessorImpl.invoke(NativeMethodAccessorImpl.java:62)
at sun.reflect.DelegatingMethodAccessorImpl.invoke(DelegatingMethodAccessorImpl.java:43)
at java.lang.reflect.Method.invoke(Method.java:498)
at org.openqa.selenium.support.pagefactory.internal.LocatingElementHandler.invoke(LocatingElementHandler.java:51)
at com.sun.proxy.$Proxy11.click(Unknown Source)
at com.nsdc.pages.EnterLoginPage.clickLoginToSubmit(EnterLoginPage.java:47)
at com.nsdc.regressionTest.RegistrationAndLoginTestSC_01.LoginFailWithoutEnteringCredentialsTC_04(RegistrationAndLoginTestSC_01.java:96)
at sun.reflect.NativeMethodAccessorImpl.invoke0(Native Method)
at sun.reflect.NativeMethodAccessorImpl.invoke(NativeMethodAccessorImpl.java:62)
at sun.reflect.DelegatingMethodAccessorImpl.invoke(DelegatingMethodAccessorImpl.java:43)
at java.lang.reflect.Method.invoke(Method.java:498)
at org.testng.internal.MethodInvocationHelper.invokeMethod(MethodInvocationHelper.java:124)
at org.testng.internal.Invoker.invokeMethod(Invoker.java:583)
at org.testng.internal.Invoker.invokeTestMethod(Invoker.java:719)
at org.testng.internal.Invoker.invokeTestMethods(Invoker.java:989)
at org.testng.internal.TestMethodWorker.invokeTestMethods(TestMethodWorker.java:125)
at org.testng.internal.TestMethodWorker.run(TestMethodWorker.java:109)
at org.testng.TestRunner.privateRun(TestRunner.java:648)
at org.testng.TestRunner.run(TestRunner.java:505)
at org.testng.SuiteRunner.runTest(SuiteRunner.java:455)
at org.testng.SuiteRunner.runSequentially(SuiteRunner.java:450)
at org.testng.SuiteRunner.privateRun(SuiteRunner.java:415)
at org.testng.SuiteRunner.run(SuiteRunner.java:364)
at org.testng.SuiteRunnerWorker.runSuite(SuiteRunnerWorker.java:52)
at org.testng.SuiteRunnerWorker.run(SuiteRunnerWorker.java:84)
at org.testng.TestNG.runSuitesSequentially(TestNG.java:1208)
at org.testng.TestNG.runSuitesLocally(TestNG.java:1137)
at org.testng.TestNG.runSuites(TestNG.java:1049)
at org.testng.TestNG.run(TestNG.java:1017)
at org.testng.remote.AbstractRemoteTestNG.run(AbstractRemoteTestNG.java:114)
at org.testng.remote.RemoteTestNG.initAndRun(RemoteTestNG.java:251)
at org.testng.remote.RemoteTestNG.main(RemoteTestNG.java:77)
]]>
            </full-stacktrace>
          </exception> <!-- org.openqa.selenium.WebDriverException -->
          <reporter-output>
          </reporter-output>
        </test-method> <!-- LoginFailWithoutEnteringCredentialsTC_04 -->
        <test-method status="PASS" signature="postcondition(org.testng.ITestResult)[pri:0, instance:com.nsdc.regressionTest.RegistrationAndLoginTestSC_01@3ecd23d9]" name="postcondition" is-config="true" duration-ms="527" started-at="2018-06-17T20:54:12Z" finished-at="2018-06-17T20:54:13Z">
          <params>
            <param index="0">
              <value>
                <![CDATA[[TestResult name=LoginFailWithoutEnteringCredentialsTC_04 status=FAILURE method=RegistrationAndLoginTestSC_01.LoginFailWithoutEnteringCredentialsTC_04()[pri:0, instance:com.nsdc.regressionTest.RegistrationAndLoginTestSC_01@3ecd23d9] output={null}]]]>
              </value>
            </param>
          </params>
          <reporter-output>
          </reporter-output>
        </test-method> <!-- postcondition -->
        <test-method status="PASS" signature="precondition()[pri:0, instance:com.nsdc.regressionTest.RegistrationAndLoginTestSC_01@3ecd23d9]" name="precondition" is-config="true" duration-ms="18196" started-at="2018-06-17T20:54:13Z" finished-at="2018-06-17T20:54:31Z">
          <reporter-output>
          </reporter-output>
        </test-method> <!-- precondition -->
        <test-method status="PASS" signature="userRegistrationTC_01(java.lang.String, java.lang.String, java.lang.String, java.lang.String, java.lang.String, java.lang.String, java.lang.String, java.lang.String, java.lang.String)[pri:0, instance:com.nsdc.regressionTest.RegistrationAndLoginTestSC_01@3ecd23d9]" name="userRegistrationTC_01" duration-ms="33369" started-at="2018-06-17T20:54:31Z" data-provider="registrationData" finished-at="2018-06-17T20:55:04Z">
          <params>
            <param index="0">
              <value>
                <![CDATA[Training Partner]]>
              </value>
            </param>
            <param index="1">
              <value>
                <![CDATA[TP SPOC Name]]>
              </value>
            </param>
            <param index="2">
              <value>
                <![CDATA[tpspoc35@test.com]]>
              </value>
            </param>
            <param index="3">
              <value>
                <![CDATA[7128009251]]>
              </value>
            </param>
            <param index="4">
              <value>
                <![CDATA[999999]]>
              </value>
            </param>
            <param index="5">
              <value>
                <![CDATA[999999]]>
              </value>
            </param>
            <param index="6">
              <value>
                <![CDATA[ekaushal]]>
              </value>
            </param>
            <param index="7">
              <value>
                <![CDATA[Qwerty@123]]>
              </value>
            </param>
            <param index="8">
              <value>
                <![CDATA[Qwerty@123]]>
              </value>
            </param>
          </params>
          <reporter-output>
          </reporter-output>
        </test-method> <!-- userRegistrationTC_01 -->
        <test-method status="PASS" signature="postcondition(org.testng.ITestResult)[pri:0, instance:com.nsdc.regressionTest.RegistrationAndLoginTestSC_01@3ecd23d9]" name="postcondition" is-config="true" duration-ms="83" started-at="2018-06-17T20:55:04Z" finished-at="2018-06-17T20:55:04Z">
          <params>
            <param index="0">
              <value>
                <![CDATA[[TestResult name=userRegistrationTC_01 status=SUCCESS method=RegistrationAndLoginTestSC_01.userRegistrationTC_01(java.lang.String, java.lang.String, java.lang.String, java.lang.String, java.lang.String, java.lang.String, java.lang.String, java.lang.String, java.lang.String)[pri:0, instance:com.nsdc.regressionTest.RegistrationAndLoginTestSC_01@3ecd23d9] output={null}]]]>
              </value>
            </param>
          </params>
          <reporter-output>
          </reporter-output>
        </test-method> <!-- postcondition -->
        <test-method status="PASS" signature="precondition()[pri:0, instance:com.nsdc.regressionTest.RegistrationAndLoginTestSC_01@3ecd23d9]" name="precondition" is-config="true" duration-ms="8497" started-at="2018-06-17T20:55:04Z" finished-at="2018-06-17T20:55:13Z">
          <reporter-output>
          </reporter-output>
        </test-method> <!-- precondition -->
        <test-method status="PASS" signature="userRegistrationTC_01(java.lang.String, java.lang.String, java.lang.String, java.lang.String, java.lang.String, java.lang.String, java.lang.String, java.lang.String, java.lang.String)[pri:0, instance:com.nsdc.regressionTest.RegistrationAndLoginTestSC_01@3ecd23d9]" name="userRegistrationTC_01" duration-ms="30238" started-at="2018-06-17T20:55:13Z" data-provider="registrationData" finished-at="2018-06-17T20:55:43Z">
          <params>
            <param index="0">
              <value>
                <![CDATA[Trainer]]>
              </value>
            </param>
            <param index="1">
              <value>
                <![CDATA[Trainer Name]]>
              </value>
            </param>
            <param index="2">
              <value>
                <![CDATA[trainer36@test.com]]>
              </value>
            </param>
            <param index="3">
              <value>
                <![CDATA[7128009252]]>
              </value>
            </param>
            <param index="4">
              <value>
                <![CDATA[999999]]>
              </value>
            </param>
            <param index="5">
              <value>
                <![CDATA[999999]]>
              </value>
            </param>
            <param index="6">
              <value>
                <![CDATA[ekaushal]]>
              </value>
            </param>
            <param index="7">
              <value>
                <![CDATA[Qwerty@123]]>
              </value>
            </param>
            <param index="8">
              <value>
                <![CDATA[Qwerty@123]]>
              </value>
            </param>
          </params>
          <reporter-output>
          </reporter-output>
        </test-method> <!-- userRegistrationTC_01 -->
        <test-method status="PASS" signature="postcondition(org.testng.ITestResult)[pri:0, instance:com.nsdc.regressionTest.RegistrationAndLoginTestSC_01@3ecd23d9]" name="postcondition" is-config="true" duration-ms="107" started-at="2018-06-17T20:55:43Z" finished-at="2018-06-17T20:55:43Z">
          <params>
            <param index="0">
              <value>
                <![CDATA[[TestResult name=userRegistrationTC_01 status=SUCCESS method=RegistrationAndLoginTestSC_01.userRegistrationTC_01(java.lang.String, java.lang.String, java.lang.String, java.lang.String, java.lang.String, java.lang.String, java.lang.String, java.lang.String, java.lang.String)[pri:0, instance:com.nsdc.regressionTest.RegistrationAndLoginTestSC_01@3ecd23d9] output={null}]]]>
              </value>
            </param>
          </params>
          <reporter-output>
          </reporter-output>
        </test-method> <!-- postcondition -->
        <test-method status="PASS" signature="precondition()[pri:0, instance:com.nsdc.regressionTest.RegistrationAndLoginTestSC_01@3ecd23d9]" name="precondition" is-config="true" duration-ms="5317" started-at="2018-06-17T20:55:43Z" finished-at="2018-06-17T20:55:49Z">
          <reporter-output>
          </reporter-output>
        </test-method> <!-- precondition -->
        <test-method status="PASS" signature="userRegistrationTC_01(java.lang.String, java.lang.String, java.lang.String, java.lang.String, java.lang.String, java.lang.String, java.lang.String, java.lang.String, java.lang.String)[pri:0, instance:com.nsdc.regressionTest.RegistrationAndLoginTestSC_01@3ecd23d9]" name="userRegistrationTC_01" duration-ms="33882" started-at="2018-06-17T20:55:49Z" data-provider="registrationData" finished-at="2018-06-17T20:56:22Z">
          <params>
            <param index="0">
              <value>
                <![CDATA[Assessor]]>
              </value>
            </param>
            <param index="1">
              <value>
                <![CDATA[Assessor Name]]>
              </value>
            </param>
            <param index="2">
              <value>
                <![CDATA[assessor37@test.com]]>
              </value>
            </param>
            <param index="3">
              <value>
                <![CDATA[7128009253]]>
              </value>
            </param>
            <param index="4">
              <value>
                <![CDATA[999999]]>
              </value>
            </param>
            <param index="5">
              <value>
                <![CDATA[999999]]>
              </value>
            </param>
            <param index="6">
              <value>
                <![CDATA[ekaushal]]>
              </value>
            </param>
            <param index="7">
              <value>
                <![CDATA[Qwerty@123]]>
              </value>
            </param>
            <param index="8">
              <value>
                <![CDATA[Qwerty@123]]>
              </value>
            </param>
          </params>
          <reporter-output>
          </reporter-output>
        </test-method> <!-- userRegistrationTC_01 -->
        <test-method status="PASS" signature="postcondition(org.testng.ITestResult)[pri:0, instance:com.nsdc.regressionTest.RegistrationAndLoginTestSC_01@3ecd23d9]" name="postcondition" is-config="true" duration-ms="115" started-at="2018-06-17T20:56:22Z" finished-at="2018-06-17T20:56:23Z">
          <params>
            <param index="0">
              <value>
                <![CDATA[[TestResult name=userRegistrationTC_01 status=SUCCESS method=RegistrationAndLoginTestSC_01.userRegistrationTC_01(java.lang.String, java.lang.String, java.lang.String, java.lang.String, java.lang.String, java.lang.String, java.lang.String, java.lang.String, java.lang.String)[pri:0, instance:com.nsdc.regressionTest.RegistrationAndLoginTestSC_01@3ecd23d9] output={null}]]]>
              </value>
            </param>
          </params>
          <reporter-output>
          </reporter-output>
        </test-method> <!-- postcondition -->
        <test-method status="PASS" signature="precondition()[pri:0, instance:com.nsdc.regressionTest.RegistrationAndLoginTestSC_01@3ecd23d9]" name="precondition" is-config="true" duration-ms="4914" started-at="2018-06-17T20:56:23Z" finished-at="2018-06-17T20:56:27Z">
          <reporter-output>
          </reporter-output>
        </test-method> <!-- precondition -->
        <test-method status="PASS" signature="userRegistrationTC_01(java.lang.String, java.lang.String, java.lang.String, java.lang.String, java.lang.String, java.lang.String, java.lang.String, java.lang.String, java.lang.String)[pri:0, instance:com.nsdc.regressionTest.RegistrationAndLoginTestSC_01@3ecd23d9]" name="userRegistrationTC_01" duration-ms="28970" started-at="2018-06-17T20:56:27Z" data-provider="registrationData" finished-at="2018-06-17T20:56:56Z">
          <params>
            <param index="0">
              <value>
                <![CDATA[Candidate]]>
              </value>
            </param>
            <param index="1">
              <value>
                <![CDATA[Name]]>
              </value>
            </param>
            <param index="2">
              <value>
                <![CDATA[candidate38@test.com]]>
              </value>
            </param>
            <param index="3">
              <value>
                <![CDATA[7128009254]]>
              </value>
            </param>
            <param index="4">
              <value>
                <![CDATA[999999]]>
              </value>
            </param>
            <param index="5">
              <value>
                <![CDATA[999999]]>
              </value>
            </param>
            <param index="6">
              <value>
                <![CDATA[ekaushal]]>
              </value>
            </param>
            <param index="7">
              <value>
                <![CDATA[Qwerty@123]]>
              </value>
            </param>
            <param index="8">
              <value>
                <![CDATA[Qwerty@123]]>
              </value>
            </param>
          </params>
          <reporter-output>
          </reporter-output>
        </test-method> <!-- userRegistrationTC_01 -->
        <test-method status="PASS" signature="postcondition(org.testng.ITestResult)[pri:0, instance:com.nsdc.regressionTest.RegistrationAndLoginTestSC_01@3ecd23d9]" name="postcondition" is-config="true" duration-ms="85" started-at="2018-06-17T20:56:56Z" finished-at="2018-06-17T20:56:56Z">
          <params>
            <param index="0">
              <value>
                <![CDATA[[TestResult name=userRegistrationTC_01 status=SUCCESS method=RegistrationAndLoginTestSC_01.userRegistrationTC_01(java.lang.String, java.lang.String, java.lang.String, java.lang.String, java.lang.String, java.lang.String, java.lang.String, java.lang.String, java.lang.String)[pri:0, instance:com.nsdc.regressionTest.RegistrationAndLoginTestSC_01@3ecd23d9] output={null}]]]>
              </value>
            </param>
          </params>
          <reporter-output>
          </reporter-output>
        </test-method> <!-- postcondition -->
        <test-method status="PASS" signature="precondition()[pri:0, instance:com.nsdc.regressionTest.RegistrationAndLoginTestSC_01@3ecd23d9]" name="precondition" is-config="true" duration-ms="5504" started-at="2018-06-17T20:56:57Z" finished-at="2018-06-17T20:57:02Z">
          <reporter-output>
          </reporter-output>
        </test-method> <!-- precondition -->
        <test-method status="FAIL" signature="verifyLoginFailureTC_03(java.lang.String, java.lang.String)[pri:0, instance:com.nsdc.regressionTest.RegistrationAndLoginTestSC_01@3ecd23d9]" name="verifyLoginFailureTC_03" duration-ms="6411" started-at="2018-06-17T20:57:02Z" data-provider="loginFailure" finished-at="2018-06-17T20:57:08Z">
          <params>
            <param index="0">
              <value>
                <![CDATA[TP456]]>
              </value>
            </param>
            <param index="1">
              <value>
                <![CDATA[ekaushal1]]>
              </value>
            </param>
          </params>
          <exception class="java.lang.AssertionError">
            <message>
              <![CDATA[expected [username or password invalid] but found [Invalid UserName or Password]]]>
            </message>
            <full-stacktrace>
              <![CDATA[java.lang.AssertionError: expected [username or password invalid] but found [Invalid UserName or Password]
at org.testng.Assert.fail(Assert.java:96)
at org.testng.Assert.failNotEquals(Assert.java:776)
at org.testng.Assert.assertEqualsImpl(Assert.java:137)
at org.testng.Assert.assertEquals(Assert.java:118)
at org.testng.Assert.assertEquals(Assert.java:453)
at org.testng.Assert.assertEquals(Assert.java:463)
at com.nsdc.regressionTest.RegistrationAndLoginTestSC_01.verifyLoginFailureTC_03(RegistrationAndLoginTestSC_01.java:86)
at sun.reflect.NativeMethodAccessorImpl.invoke0(Native Method)
at sun.reflect.NativeMethodAccessorImpl.invoke(NativeMethodAccessorImpl.java:62)
at sun.reflect.DelegatingMethodAccessorImpl.invoke(DelegatingMethodAccessorImpl.java:43)
at java.lang.reflect.Method.invoke(Method.java:498)
at org.testng.internal.MethodInvocationHelper.invokeMethod(MethodInvocationHelper.java:124)
at org.testng.internal.Invoker.invokeMethod(Invoker.java:583)
at org.testng.internal.Invoker.invokeTestMethod(Invoker.java:719)
at org.testng.internal.Invoker.invokeTestMethods(Invoker.java:989)
at org.testng.internal.TestMethodWorker.invokeTestMethods(TestMethodWorker.java:125)
at org.testng.internal.TestMethodWorker.run(TestMethodWorker.java:109)
at org.testng.TestRunner.privateRun(TestRunner.java:648)
at org.testng.TestRunner.run(TestRunner.java:505)
at org.testng.SuiteRunner.runTest(SuiteRunner.java:455)
at org.testng.SuiteRunner.runSequentially(SuiteRunner.java:450)
at org.testng.SuiteRunner.privateRun(SuiteRunner.java:415)
at org.testng.SuiteRunner.run(SuiteRunner.java:364)
at org.testng.SuiteRunnerWorker.runSuite(SuiteRunnerWorker.java:52)
at org.testng.SuiteRunnerWorker.run(SuiteRunnerWorker.java:84)
at org.testng.TestNG.runSuitesSequentially(TestNG.java:1208)
at org.testng.TestNG.runSuitesLocally(TestNG.java:1137)
at org.testng.TestNG.runSuites(TestNG.java:1049)
at org.testng.TestNG.run(TestNG.java:1017)
at org.testng.remote.AbstractRemoteTestNG.run(AbstractRemoteTestNG.java:114)
at org.testng.remote.RemoteTestNG.initAndRun(RemoteTestNG.java:251)
at org.testng.remote.RemoteTestNG.main(RemoteTestNG.java:77)
]]>
            </full-stacktrace>
          </exception> <!-- java.lang.AssertionError -->
          <reporter-output>
          </reporter-output>
        </test-method> <!-- verifyLoginFailureTC_03 -->
        <test-method status="PASS" signature="postcondition(org.testng.ITestResult)[pri:0, instance:com.nsdc.regressionTest.RegistrationAndLoginTestSC_01@3ecd23d9]" name="postcondition" is-config="true" duration-ms="1125" started-at="2018-06-17T20:57:08Z" finished-at="2018-06-17T20:57:10Z">
          <params>
            <param index="0">
              <value>
                <![CDATA[[TestResult name=verifyLoginFailureTC_03 status=FAILURE method=RegistrationAndLoginTestSC_01.verifyLoginFailureTC_03(java.lang.String, java.lang.String)[pri:0, instance:com.nsdc.regressionTest.RegistrationAndLoginTestSC_01@3ecd23d9] output={null}]]]>
              </value>
            </param>
          </params>
          <reporter-output>
          </reporter-output>
        </test-method> <!-- postcondition -->
        <test-method status="PASS" signature="precondition()[pri:0, instance:com.nsdc.regressionTest.RegistrationAndLoginTestSC_01@3ecd23d9]" name="precondition" is-config="true" duration-ms="5147" started-at="2018-06-17T20:57:10Z" finished-at="2018-06-17T20:57:15Z">
          <reporter-output>
          </reporter-output>
        </test-method> <!-- precondition -->
        <test-method status="PASS" signature="verifyLoginFailureTC_03(java.lang.String, java.lang.String)[pri:0, instance:com.nsdc.regressionTest.RegistrationAndLoginTestSC_01@3ecd23d9]" name="verifyLoginFailureTC_03" duration-ms="6406" started-at="2018-06-17T20:57:15Z" data-provider="loginFailure" finished-at="2018-06-17T20:57:21Z">
          <params>
            <param index="0">
              <value>
                <![CDATA[Test]]>
              </value>
            </param>
            <param index="1">
              <value>
                <![CDATA[ekaushal]]>
              </value>
            </param>
          </params>
          <reporter-output>
          </reporter-output>
        </test-method> <!-- verifyLoginFailureTC_03 -->
        <test-method status="PASS" signature="postcondition(org.testng.ITestResult)[pri:0, instance:com.nsdc.regressionTest.RegistrationAndLoginTestSC_01@3ecd23d9]" name="postcondition" is-config="true" duration-ms="112" started-at="2018-06-17T20:57:21Z" finished-at="2018-06-17T20:57:21Z">
          <params>
            <param index="0">
              <value>
                <![CDATA[[TestResult name=verifyLoginFailureTC_03 status=SUCCESS method=RegistrationAndLoginTestSC_01.verifyLoginFailureTC_03(java.lang.String, java.lang.String)[pri:0, instance:com.nsdc.regressionTest.RegistrationAndLoginTestSC_01@3ecd23d9] output={null}]]]>
              </value>
            </param>
          </params>
          <reporter-output>
          </reporter-output>
        </test-method> <!-- postcondition -->
        <test-method status="PASS" signature="precondition()[pri:0, instance:com.nsdc.regressionTest.RegistrationAndLoginTestSC_01@3ecd23d9]" name="precondition" is-config="true" duration-ms="5233" started-at="2018-06-17T20:57:21Z" finished-at="2018-06-17T20:57:27Z">
          <reporter-output>
          </reporter-output>
        </test-method> <!-- precondition -->
        <test-method status="PASS" signature="verifyLoginFailureTC_03(java.lang.String, java.lang.String)[pri:0, instance:com.nsdc.regressionTest.RegistrationAndLoginTestSC_01@3ecd23d9]" name="verifyLoginFailureTC_03" duration-ms="6411" started-at="2018-06-17T20:57:27Z" data-provider="loginFailure" finished-at="2018-06-17T20:57:33Z">
          <params>
            <param index="0">
              <value>
                <![CDATA[Test]]>
              </value>
            </param>
            <param index="1">
              <value>
                <![CDATA[ekaushal1]]>
              </value>
            </param>
          </params>
          <reporter-output>
          </reporter-output>
        </test-method> <!-- verifyLoginFailureTC_03 -->
        <test-method status="PASS" signature="postcondition(org.testng.ITestResult)[pri:0, instance:com.nsdc.regressionTest.RegistrationAndLoginTestSC_01@3ecd23d9]" name="postcondition" is-config="true" duration-ms="73" started-at="2018-06-17T20:57:33Z" finished-at="2018-06-17T20:57:33Z">
          <params>
            <param index="0">
              <value>
                <![CDATA[[TestResult name=verifyLoginFailureTC_03 status=SUCCESS method=RegistrationAndLoginTestSC_01.verifyLoginFailureTC_03(java.lang.String, java.lang.String)[pri:0, instance:com.nsdc.regressionTest.RegistrationAndLoginTestSC_01@3ecd23d9] output={null}]]]>
              </value>
            </param>
          </params>
          <reporter-output>
          </reporter-output>
        </test-method> <!-- postcondition -->
      </class> <!-- com.nsdc.regressionTest.RegistrationAndLoginTestSC_01 -->
    </test> <!-- Default test -->
  </suite> <!-- Default suite -->
</testng-results>
