<?xml version="1.0" encoding="UTF-8"?>
<testng-results ignored="0" total="1" passed="1" failed="0" skipped="0">
  <reporter-output>
  </reporter-output>
  <suite started-at="2019-07-31T01:37:23Z" name="Default suite" finished-at="2019-07-31T01:42:09Z" duration-ms="286055">
    <groups>
    </groups>
    <test started-at="2019-07-31T01:37:23Z" name="Default test" finished-at="2019-07-31T01:42:09Z" duration-ms="286055">
      <class name="com.nsdc.regressionTest.QpNosWorkflowTestSC_23">
        <test-method is-config="true" signature="preSuite()[pri:0, instance:com.nsdc.regressionTest.QpNosWorkflowTestSC_23@7f3b84b8]" started-at="2019-07-31T01:37:23Z" name="preSuite" finished-at="2019-07-31T01:37:23Z" duration-ms="90" status="PASS">
          <reporter-output>
          </reporter-output>
        </test-method> <!-- preSuite -->
        <test-method is-config="true" signature="precondition()[pri:0, instance:com.nsdc.regressionTest.QpNosWorkflowTestSC_23@7f3b84b8]" started-at="2019-07-31T01:37:23Z" name="precondition" finished-at="2019-07-31T01:37:41Z" duration-ms="17456" status="PASS">
          <reporter-output>
          </reporter-output>
        </test-method> <!-- precondition -->
        <test-method signature="addCreateNosdata(java.lang.String, java.lang.String, java.lang.String, java.lang.String, java.lang.String, java.lang.String, java.lang.String, java.lang.String, java.lang.String, java.lang.String, java.lang.String, java.lang.String, java.lang.String, java.lang.String, java.lang.String, java.lang.String, java.lang.String, java.lang.String, java.lang.String, java.lang.String, java.lang.String, java.lang.String, java.lang.String, java.lang.String, java.lang.String, java.lang.String, java.lang.String)[pri:0, instance:com.nsdc.regressionTest.QpNosWorkflowTestSC_23@7f3b84b8]" started-at="2019-07-31T01:37:41Z" name="addCreateNosdata" data-provider="createNosdata" finished-at="2019-07-31T01:42:09Z" duration-ms="268494" status="PASS">
          <params>
            <param index="0">
              <value>
                <![CDATA[SSC_AGR]]>
              </value>
            </param>
            <param index="1">
              <value>
                <![CDATA[Qwerty@123]]>
              </value>
            </param>
            <param index="2">
              <value>
                <![CDATA[Agriculture]]>
              </value>
            </param>
            <param index="3">
              <value>
                <![CDATA[Poultry]]>
              </value>
            </param>
            <param index="4">
              <value>
                <![CDATA[Tractor Operator]]>
              </value>
            </param>
            <param index="5">
              <value>
                <![CDATA[8]]>
              </value>
            </param>
            <param index="6">
              <value>
                <![CDATA[6]]>
              </value>
            </param>
            <param index="7">
              <value>
                <![CDATA[NsaeAAWz]]>
              </value>
            </param>
            <param index="8">
              <value>
                <![CDATA[This ia a nos description]]>
              </value>
            </param>
            <param index="9">
              <value>
                <![CDATA[this ia  nos scope]]>
              </value>
            </param>
            <param index="10">
              <value>
                <![CDATA[12]]>
              </value>
            </param>
            <param index="11">
              <value>
                <![CDATA[this is acronmys keyword]]>
              </value>
            </param>
            <param index="12">
              <value>
                <![CDATA[this is acronymsDescription]]>
              </value>
            </param>
            <param index="13">
              <value>
                <![CDATA[this is a keyword]]>
              </value>
            </param>
            <param index="14">
              <value>
                <![CDATA[this is glossary description]]>
              </value>
            </param>
            <param index="15">
              <value>
                <![CDATA[image.pdf]]>
              </value>
            </param>
            <param index="16">
              <value>
                <![CDATA[image.pdf]]>
              </value>
            </param>
            <param index="17">
              <value>
                <![CDATA[image.pdf]]>
              </value>
            </param>
            <param index="18">
              <value>
                <![CDATA[image.pdf]]>
              </value>
            </param>
            <param index="19">
              <value>
                <![CDATA[image.pdf]]>
              </value>
            </param>
            <param index="20">
              <value>
                <![CDATA[image.pdf]]>
              </value>
            </param>
            <param index="21">
              <value>
                <![CDATA[image.pdf]]>
              </value>
            </param>
            <param index="22">
              <value>
                <![CDATA[image.pdf]]>
              </value>
            </param>
            <param index="23">
              <value>
                <![CDATA[image.pdf]]>
              </value>
            </param>
            <param index="24">
              <value>
                <![CDATA[image.pdf]]>
              </value>
            </param>
            <param index="25">
              <value>
                <![CDATA[image.pdf]]>
              </value>
            </param>
            <param index="26">
              <value>
                <![CDATA[image.pdf]]>
              </value>
            </param>
          </params>
          <reporter-output>
          </reporter-output>
        </test-method> <!-- addCreateNosdata -->
        <test-method is-config="true" signature="postcondition(org.testng.ITestResult)[pri:0, instance:com.nsdc.regressionTest.QpNosWorkflowTestSC_23@7f3b84b8]" started-at="2019-07-31T01:42:09Z" name="postcondition" finished-at="2019-07-31T01:42:09Z" duration-ms="1" status="PASS">
          <params>
            <param index="0">
              <value>
                <![CDATA[[TestResult name=addCreateNosdata status=SUCCESS method=QpNosWorkflowTestSC_23.addCreateNosdata(java.lang.String, java.lang.String, java.lang.String, java.lang.String, java.lang.String, java.lang.String, java.lang.String, java.lang.String, java.lang.String, java.lang.String, java.lang.String, java.lang.String, java.lang.String, java.lang.String, java.lang.String, java.lang.String, java.lang.String, java.lang.String, java.lang.String, java.lang.String, java.lang.String, java.lang.String, java.lang.String, java.lang.String, java.lang.String, java.lang.String, java.lang.String)[pri:0, instance:com.nsdc.regressionTest.QpNosWorkflowTestSC_23@7f3b84b8] output={null}]]]>
              </value>
            </param>
          </params>
          <reporter-output>
          </reporter-output>
        </test-method> <!-- postcondition -->
      </class> <!-- com.nsdc.regressionTest.QpNosWorkflowTestSC_23 -->
    </test> <!-- Default test -->
  </suite> <!-- Default suite -->
</testng-results>
