<?xml version="1.0" encoding="UTF-8"?>
<testng-results skipped="0" failed="1" ignored="3" total="4" passed="0">
  <reporter-output>
  </reporter-output>
  <suite name="Default suite" duration-ms="4470" started-at="2018-06-13T20:13:40Z" finished-at="2018-06-13T20:13:45Z">
    <groups>
    </groups>
    <test name="Default test" duration-ms="4470" started-at="2018-06-13T20:13:40Z" finished-at="2018-06-13T20:13:45Z">
      <class name="com.nsdc.regressionTest.RegisterAndLoginTestSC_01">
        <test-method status="PASS" signature="preSuite()[pri:0, instance:com.nsdc.regressionTest.RegisterAndLoginTestSC_01@64f6106c]" name="preSuite" is-config="true" duration-ms="95" started-at="2018-06-13T20:13:40Z" finished-at="2018-06-13T20:13:40Z">
          <reporter-output>
          </reporter-output>
        </test-method> <!-- preSuite -->
        <test-method status="PASS" signature="precondition()[pri:0, instance:com.nsdc.regressionTest.RegisterAndLoginTestSC_01@64f6106c]" name="precondition" is-config="true" duration-ms="3609" started-at="2018-06-13T20:13:40Z" finished-at="2018-06-13T20:13:44Z">
          <reporter-output>
          </reporter-output>
        </test-method> <!-- precondition -->
        <test-method status="FAIL" signature="userRegistrationTC_01(java.lang.String, java.lang.String, java.lang.String, java.lang.String, java.lang.String, java.lang.String)[pri:0, instance:com.nsdc.regressionTest.RegisterAndLoginTestSC_01@64f6106c]" name="userRegistrationTC_01" duration-ms="5" started-at="2018-06-13T20:13:44Z" data-provider="registrationData" finished-at="2018-06-13T20:13:44Z">
          <params>
            <param index="0">
              <value>
                <![CDATA[Training Partner]]>
              </value>
            </param>
            <param index="1">
              <value>
                <![CDATA[TP SPOC Name]]>
              </value>
            </param>
            <param index="2">
              <value>
                <![CDATA[tpspoc623@test.com]]>
              </value>
            </param>
            <param index="3">
              <value>
                <![CDATA[7128000095]]>
              </value>
            </param>
            <param index="4">
              <value>
                <![CDATA[999999]]>
              </value>
            </param>
            <param index="5">
              <value>
                <![CDATA[999999]]>
              </value>
            </param>
          </params>
          <exception class="java.lang.Error">
            <message>
              <![CDATA[Unresolved compilation problem: 
Duplicate local variable wait
]]>
            </message>
            <full-stacktrace>
              <![CDATA[java.lang.Error: Unresolved compilation problem: 
Duplicate local variable wait

at com.nsdc.regressionTest.RegisterAndLoginTestSC_01.userRegistrationTC_01(RegisterAndLoginTestSC_01.java:43)
at sun.reflect.NativeMethodAccessorImpl.invoke0(Native Method)
at sun.reflect.NativeMethodAccessorImpl.invoke(NativeMethodAccessorImpl.java:62)
at sun.reflect.DelegatingMethodAccessorImpl.invoke(DelegatingMethodAccessorImpl.java:43)
at java.lang.reflect.Method.invoke(Method.java:498)
at org.testng.internal.MethodInvocationHelper.invokeMethod(MethodInvocationHelper.java:124)
at org.testng.internal.Invoker.invokeMethod(Invoker.java:583)
at org.testng.internal.Invoker.invokeTestMethod(Invoker.java:719)
at org.testng.internal.Invoker.invokeTestMethods(Invoker.java:989)
at org.testng.internal.TestMethodWorker.invokeTestMethods(TestMethodWorker.java:125)
at org.testng.internal.TestMethodWorker.run(TestMethodWorker.java:109)
at org.testng.TestRunner.privateRun(TestRunner.java:648)
at org.testng.TestRunner.run(TestRunner.java:505)
at org.testng.SuiteRunner.runTest(SuiteRunner.java:455)
at org.testng.SuiteRunner.runSequentially(SuiteRunner.java:450)
at org.testng.SuiteRunner.privateRun(SuiteRunner.java:415)
at org.testng.SuiteRunner.run(SuiteRunner.java:364)
at org.testng.SuiteRunnerWorker.runSuite(SuiteRunnerWorker.java:52)
at org.testng.SuiteRunnerWorker.run(SuiteRunnerWorker.java:84)
at org.testng.TestNG.runSuitesSequentially(TestNG.java:1208)
at org.testng.TestNG.runSuitesLocally(TestNG.java:1137)
at org.testng.TestNG.runSuites(TestNG.java:1049)
at org.testng.TestNG.run(TestNG.java:1017)
at org.testng.remote.AbstractRemoteTestNG.run(AbstractRemoteTestNG.java:114)
at org.testng.remote.RemoteTestNG.initAndRun(RemoteTestNG.java:251)
at org.testng.remote.RemoteTestNG.main(RemoteTestNG.java:77)
]]>
            </full-stacktrace>
          </exception> <!-- java.lang.Error -->
          <reporter-output>
          </reporter-output>
        </test-method> <!-- userRegistrationTC_01 -->
        <test-method status="PASS" signature="postcondition(org.testng.ITestResult)[pri:0, instance:com.nsdc.regressionTest.RegisterAndLoginTestSC_01@64f6106c]" name="postcondition" is-config="true" duration-ms="699" started-at="2018-06-13T20:13:44Z" finished-at="2018-06-13T20:13:45Z">
          <params>
            <param index="0">
              <value>
                <![CDATA[[TestResult name=userRegistrationTC_01 status=FAILURE method=RegisterAndLoginTestSC_01.userRegistrationTC_01(java.lang.String, java.lang.String, java.lang.String, java.lang.String, java.lang.String, java.lang.String)[pri:0, instance:com.nsdc.regressionTest.RegisterAndLoginTestSC_01@64f6106c] output={null}]]]>
              </value>
            </param>
          </params>
          <reporter-output>
          </reporter-output>
        </test-method> <!-- postcondition -->
      </class> <!-- com.nsdc.regressionTest.RegisterAndLoginTestSC_01 -->
    </test> <!-- Default test -->
  </suite> <!-- Default suite -->
</testng-results>
