<?xml version="1.0" encoding="UTF-8"?>
<testng-results skipped="0" failed="0" ignored="0" total="1" passed="1">
  <reporter-output>
  </reporter-output>
  <suite name="Default suite" duration-ms="15845" started-at="2018-06-12T18:23:59Z" finished-at="2018-06-12T18:24:15Z">
    <groups>
    </groups>
    <test name="Default test" duration-ms="15845" started-at="2018-06-12T18:23:59Z" finished-at="2018-06-12T18:24:15Z">
      <class name="com.nsdc.componentTest.UserRegistrationValidationsSC_01">
        <test-method status="PASS" signature="preSuite()[pri:0, instance:com.nsdc.componentTest.UserRegistrationValidationsSC_01@1b26f7b2]" name="preSuite" is-config="true" duration-ms="87" started-at="2018-06-12T18:23:59Z" finished-at="2018-06-12T18:23:59Z">
          <reporter-output>
          </reporter-output>
        </test-method> <!-- preSuite -->
        <test-method status="PASS" signature="precondition()[pri:0, instance:com.nsdc.componentTest.UserRegistrationValidationsSC_01@1b26f7b2]" name="precondition" is-config="true" duration-ms="3091" started-at="2018-06-12T18:23:59Z" finished-at="2018-06-12T18:24:02Z">
          <reporter-output>
          </reporter-output>
        </test-method> <!-- precondition -->
        <test-method status="PASS" signature="userRegistrationValidationsTC_01(java.lang.String, java.lang.String, java.lang.String, java.lang.String, java.lang.String, java.lang.String, java.lang.String, java.lang.String, java.lang.String, java.lang.String, java.lang.String)[pri:0, instance:com.nsdc.componentTest.UserRegistrationValidationsSC_01@1b26f7b2]" name="userRegistrationValidationsTC_01" duration-ms="12539" started-at="2018-06-12T18:24:02Z" data-provider="registrationData" finished-at="2018-06-12T18:24:15Z">
          <params>
            <param index="0">
              <value>
                <![CDATA[Training Partner]]>
              </value>
            </param>
            <param index="1">
              <value>
                <![CDATA[TP SPOC Name]]>
              </value>
            </param>
            <param index="2">
              <value>
                <![CDATA[tpspoc398@test.com]]>
              </value>
            </param>
            <param index="3">
              <value>
                <![CDATA[7990091126]]>
              </value>
            </param>
            <param index="4">
              <value>
                <![CDATA[TP @ # SPOC]]>
              </value>
            </param>
            <param index="5">
              <value>
                <![CDATA[tpspoc.com]]>
              </value>
            </param>
            <param index="6">
              <value>
                <![CDATA[982345679]]>
              </value>
            </param>
            <param index="7">
              <value>
                <![CDATA[999999]]>
              </value>
            </param>
            <param index="8">
              <value>
                <![CDATA[999999]]>
              </value>
            </param>
            <param index="9">
              <value>
                <![CDATA[83483]]>
              </value>
            </param>
            <param index="10">
              <value>
                <![CDATA[84676]]>
              </value>
            </param>
          </params>
          <reporter-output>
          </reporter-output>
        </test-method> <!-- userRegistrationValidationsTC_01 -->
        <test-method status="PASS" signature="postcondition(org.testng.ITestResult)[pri:0, instance:com.nsdc.componentTest.UserRegistrationValidationsSC_01@1b26f7b2]" name="postcondition" is-config="true" duration-ms="111" started-at="2018-06-12T18:24:15Z" finished-at="2018-06-12T18:24:15Z">
          <params>
            <param index="0">
              <value>
                <![CDATA[[TestResult name=userRegistrationValidationsTC_01 status=SUCCESS method=UserRegistrationValidationsSC_01.userRegistrationValidationsTC_01(java.lang.String, java.lang.String, java.lang.String, java.lang.String, java.lang.String, java.lang.String, java.lang.String, java.lang.String, java.lang.String, java.lang.String, java.lang.String)[pri:0, instance:com.nsdc.componentTest.UserRegistrationValidationsSC_01@1b26f7b2] output={null}]]]>
              </value>
            </param>
          </params>
          <reporter-output>
          </reporter-output>
        </test-method> <!-- postcondition -->
      </class> <!-- com.nsdc.componentTest.UserRegistrationValidationsSC_01 -->
    </test> <!-- Default test -->
  </suite> <!-- Default suite -->
</testng-results>
