<?xml version="1.0" encoding="UTF-8"?>
<testng-results skipped="0" failed="0" ignored="3" total="5" passed="2">
  <reporter-output>
  </reporter-output>
  <suite name="Default suite" duration-ms="27023" started-at="2018-06-12T13:24:42Z" finished-at="2018-06-12T13:25:09Z">
    <groups>
    </groups>
    <test name="Default test" duration-ms="27023" started-at="2018-06-12T13:24:42Z" finished-at="2018-06-12T13:25:09Z">
      <class name="com.nsdc.regressionTest.RegisterAndLoginTestSC_01">
        <test-method status="PASS" signature="preSuite()[pri:0, instance:com.nsdc.regressionTest.RegisterAndLoginTestSC_01@77cd7a0]" name="preSuite" is-config="true" duration-ms="126" started-at="2018-06-12T13:24:42Z" finished-at="2018-06-12T13:24:42Z">
          <reporter-output>
          </reporter-output>
        </test-method> <!-- preSuite -->
        <test-method status="PASS" signature="precondition()[pri:0, instance:com.nsdc.regressionTest.RegisterAndLoginTestSC_01@77cd7a0]" name="precondition" is-config="true" duration-ms="4397" started-at="2018-06-12T13:24:42Z" finished-at="2018-06-12T13:24:46Z">
          <reporter-output>
          </reporter-output>
        </test-method> <!-- precondition -->
        <test-method status="PASS" signature="verifyLoginSuccessTC_02(java.lang.String, java.lang.String)[pri:0, instance:com.nsdc.regressionTest.RegisterAndLoginTestSC_01@77cd7a0]" name="verifyLoginSuccessTC_02" duration-ms="8538" started-at="2018-06-12T13:24:46Z" data-provider="loginSuccess" finished-at="2018-06-12T13:24:55Z">
          <params>
            <param index="0">
              <value>
                <![CDATA[TP456]]>
              </value>
            </param>
            <param index="1">
              <value>
                <![CDATA[Ekaushal123nsdc@]]>
              </value>
            </param>
          </params>
          <reporter-output>
          </reporter-output>
        </test-method> <!-- verifyLoginSuccessTC_02 -->
        <test-method status="PASS" signature="postcondition(org.testng.ITestResult)[pri:0, instance:com.nsdc.regressionTest.RegisterAndLoginTestSC_01@77cd7a0]" name="postcondition" is-config="true" duration-ms="114" started-at="2018-06-12T13:24:55Z" finished-at="2018-06-12T13:24:55Z">
          <params>
            <param index="0">
              <value>
                <![CDATA[[TestResult name=verifyLoginSuccessTC_02 status=SUCCESS method=RegisterAndLoginTestSC_01.verifyLoginSuccessTC_02(java.lang.String, java.lang.String)[pri:0, instance:com.nsdc.regressionTest.RegisterAndLoginTestSC_01@77cd7a0] output={null}]]]>
              </value>
            </param>
          </params>
          <reporter-output>
          </reporter-output>
        </test-method> <!-- postcondition -->
        <test-method status="PASS" signature="precondition()[pri:0, instance:com.nsdc.regressionTest.RegisterAndLoginTestSC_01@77cd7a0]" name="precondition" is-config="true" duration-ms="4365" started-at="2018-06-12T13:24:55Z" finished-at="2018-06-12T13:24:59Z">
          <reporter-output>
          </reporter-output>
        </test-method> <!-- precondition -->
        <test-method status="PASS" signature="verifyLoginSuccessTC_02(java.lang.String, java.lang.String)[pri:0, instance:com.nsdc.regressionTest.RegisterAndLoginTestSC_01@77cd7a0]" name="verifyLoginSuccessTC_02" duration-ms="9117" started-at="2018-06-12T13:24:59Z" data-provider="loginSuccess" finished-at="2018-06-12T13:25:08Z">
          <params>
            <param index="0">
              <value>
                <![CDATA[TP400]]>
              </value>
            </param>
            <param index="1">
              <value>
                <![CDATA[Ekaushal123nsdc@]]>
              </value>
            </param>
          </params>
          <reporter-output>
          </reporter-output>
        </test-method> <!-- verifyLoginSuccessTC_02 -->
        <test-method status="PASS" signature="postcondition(org.testng.ITestResult)[pri:0, instance:com.nsdc.regressionTest.RegisterAndLoginTestSC_01@77cd7a0]" name="postcondition" is-config="true" duration-ms="248" started-at="2018-06-12T13:25:08Z" finished-at="2018-06-12T13:25:09Z">
          <params>
            <param index="0">
              <value>
                <![CDATA[[TestResult name=verifyLoginSuccessTC_02 status=SUCCESS method=RegisterAndLoginTestSC_01.verifyLoginSuccessTC_02(java.lang.String, java.lang.String)[pri:0, instance:com.nsdc.regressionTest.RegisterAndLoginTestSC_01@77cd7a0] output={null}]]]>
              </value>
            </param>
          </params>
          <reporter-output>
          </reporter-output>
        </test-method> <!-- postcondition -->
      </class> <!-- com.nsdc.regressionTest.RegisterAndLoginTestSC_01 -->
    </test> <!-- Default test -->
  </suite> <!-- Default suite -->
</testng-results>
